c:\users\onols\desktop\humber\001_pass_summer_2023\componentframework23.0.0\componentframework\debug\vc143.pdb
c:\users\onols\desktop\humber\001_pass_summer_2023\componentframework23.0.0\componentframework\debug\vc143.idb
c:\users\onols\desktop\humber\001_pass_summer_2023\componentframework23.0.0\componentframework\debug\window.obj
c:\users\onols\desktop\humber\001_pass_summer_2023\componentframework23.0.0\componentframework\debug\vector.obj
c:\users\onols\desktop\humber\001_pass_summer_2023\componentframework23.0.0\componentframework\debug\timer.obj
c:\users\onols\desktop\humber\001_pass_summer_2023\componentframework23.0.0\componentframework\debug\shader.obj
c:\users\onols\desktop\humber\001_pass_summer_2023\componentframework23.0.0\componentframework\debug\scene0.obj
c:\users\onols\desktop\humber\001_pass_summer_2023\componentframework23.0.0\componentframework\debug\main.obj
c:\users\onols\desktop\humber\001_pass_summer_2023\componentframework23.0.0\componentframework\debug\scenemanager.obj
c:\users\onols\desktop\humber\001_pass_summer_2023\componentframework23.0.0\componentframework\debug\mesh.obj
c:\users\onols\desktop\humber\001_pass_summer_2023\componentframework23.0.0\componentframework\debug\debug.obj
c:\users\onols\desktop\humber\001_pass_summer_2023\componentframework23.0.0\componentframework\debug\body.obj
c:\users\onols\desktop\humber\001_pass_summer_2023\componentframework23.0.0\componentframework\debug\scene1p.obj
c:\users\onols\desktop\humber\001_pass_summer_2023\componentframework23.0.0\componentframework\debug\componentframework.ilk
c:\users\onols\desktop\humber\001_pass_summer_2023\componentframework23.0.0\debug\componentframework.exe
c:\users\onols\desktop\humber\001_pass_summer_2023\componentframework23.0.0\debug\componentframework.pdb
c:\users\onols\desktop\humber\001_pass_summer_2023\componentframework23.0.0\componentframework\debug\componen.614c2865.tlog\cl.command.1.tlog
c:\users\onols\desktop\humber\001_pass_summer_2023\componentframework23.0.0\componentframework\debug\componen.614c2865.tlog\cl.read.1.tlog
c:\users\onols\desktop\humber\001_pass_summer_2023\componentframework23.0.0\componentframework\debug\componen.614c2865.tlog\cl.write.1.tlog
c:\users\onols\desktop\humber\001_pass_summer_2023\componentframework23.0.0\componentframework\debug\componen.614c2865.tlog\link.command.1.tlog
c:\users\onols\desktop\humber\001_pass_summer_2023\componentframework23.0.0\componentframework\debug\componen.614c2865.tlog\link.read.1.tlog
c:\users\onols\desktop\humber\001_pass_summer_2023\componentframework23.0.0\componentframework\debug\componen.614c2865.tlog\link.write.1.tlog
